c:\devtools\assignments\vendingmachineconsoleapp\vendingmachineconsoleapp\debug\vendingmachineconsoleapp.pch
c:\devtools\assignments\vendingmachineconsoleapp\vendingmachineconsoleapp\debug\vc141.pdb
c:\devtools\assignments\vendingmachineconsoleapp\vendingmachineconsoleapp\debug\vc141.idb
c:\devtools\assignments\vendingmachineconsoleapp\vendingmachineconsoleapp\debug\pch.obj
c:\devtools\assignments\vendingmachineconsoleapp\vendingmachineconsoleapp\debug\vendingmachineconsoleapp.obj
c:\devtools\assignments\vendingmachineconsoleapp\vendingmachineconsoleapp\debug\vendingmachine.obj
c:\devtools\assignments\vendingmachineconsoleapp\vendingmachineconsoleapp\debug\stack.obj
c:\devtools\assignments\vendingmachineconsoleapp\vendingmachineconsoleapp\debug\slab.obj
c:\devtools\assignments\vendingmachineconsoleapp\vendingmachineconsoleapp\debug\node.obj
c:\devtools\assignments\vendingmachineconsoleapp\vendingmachineconsoleapp\debug\linkedlist.obj
c:\devtools\assignments\vendingmachineconsoleapp\vendingmachineconsoleapp\debug\item.obj
c:\devtools\assignments\vendingmachineconsoleapp\vendingmachineconsoleapp\debug\block.obj
c:\devtools\assignments\vendingmachineconsoleapp\vendingmachineconsoleapp\debug\vendingmachineconsoleapp.ilk
c:\devtools\assignments\vendingmachineconsoleapp\vendingmachineconsoleapp\debug\vendingmachineconsoleapp.exe
c:\devtools\assignments\vendingmachineconsoleapp\vendingmachineconsoleapp\debug\vendingmachineconsoleapp.pdb
c:\devtools\assignments\vendingmachineconsoleapp\vendingmachineconsoleapp\debug\vendingm.643fd233.tlog\cl.command.1.tlog
c:\devtools\assignments\vendingmachineconsoleapp\vendingmachineconsoleapp\debug\vendingm.643fd233.tlog\cl.read.1.tlog
c:\devtools\assignments\vendingmachineconsoleapp\vendingmachineconsoleapp\debug\vendingm.643fd233.tlog\cl.write.1.tlog
c:\devtools\assignments\vendingmachineconsoleapp\vendingmachineconsoleapp\debug\vendingm.643fd233.tlog\link.command.1.tlog
c:\devtools\assignments\vendingmachineconsoleapp\vendingmachineconsoleapp\debug\vendingm.643fd233.tlog\link.read.1.tlog
c:\devtools\assignments\vendingmachineconsoleapp\vendingmachineconsoleapp\debug\vendingm.643fd233.tlog\link.write.1.tlog
